<?xml version="1.0" encoding="UTF-8"?>
<testng-results ignored="0" total="3" passed="3" failed="0" skipped="0">
  <reporter-output>
  </reporter-output>
  <suite started-at="2026-09-03T17:37:43 IST" name="Default suite" finished-at="2026-09-03T17:37:43 IST" duration-ms="49">
    <groups>
    </groups>
    <test started-at="2026-09-03T17:37:43 IST" name="Default test" finished-at="2026-09-03T17:37:43 IST" duration-ms="49">
      <class name="Practice1.ContactTest">
        <test-method signature="createContactTest()[pri:0, instance:Practice1.ContactTest@6379eb]" started-at="2026-09-03T17:37:43 IST" name="createContactTest" finished-at="2026-09-03T17:37:43 IST" duration-ms="10" status="PASS">
          <reporter-output>
          </reporter-output>
        </test-method> <!-- createContactTest -->
        <test-method signature="deleteContactTest()[pri:0, instance:Practice1.ContactTest@6379eb]" started-at="2026-09-03T17:37:43 IST" name="deleteContactTest" finished-at="2026-09-03T17:37:43 IST" duration-ms="2" status="PASS">
          <reporter-output>
          </reporter-output>
        </test-method> <!-- deleteContactTest -->
        <test-method signature="modifyContactTest()[pri:0, instance:Practice1.ContactTest@6379eb]" started-at="2026-09-03T17:37:43 IST" name="modifyContactTest" finished-at="2026-09-03T17:37:43 IST" duration-ms="1" status="PASS">
          <reporter-output>
          </reporter-output>
        </test-method> <!-- modifyContactTest -->
      </class> <!-- Practice1.ContactTest -->
    </test> <!-- Default test -->
  </suite> <!-- Default suite -->
</testng-results>
