<?xml version="1.0" encoding="UTF-8"?>
<!-- Generated by org.testng.reporters.JUnitXMLReporter -->
<testsuite ignored="0" hostname="SaddamKhan" failures="0" tests="4" name="Test" time="0.047" errors="0" timestamp="2026-09-03T15:36:51 IST">
  <testcase classname="practice_2.OrgTest" name="createOrgTest" time="0.009"/>
  <testcase classname="practice_2.OrgTest" name="modifyOrgTest" time="0.002"/>
  <testcase classname="Practice1.ContactTest" name="createContactTest" time="0.001"/>
  <testcase classname="Practice1.ContactTest" name="modifyContactTest" time="0.001"/>
</testsuite> <!-- Test -->
