<?xml version="1.0" encoding="UTF-8"?>
<!-- Generated by org.testng.reporters.JUnitReportReporter -->
<testsuite hostname="SaddamKhan" failures="0" tests="3" name="Practice1.ContactTest" time="0.013" errors="0" timestamp="2026-09-03T17:37:43 IST" skipped="0">
  <testcase classname="Practice1.ContactTest" name="createContactTest" time="0.010"/>
  <testcase classname="Practice1.ContactTest" name="modifyContactTest" time="0.001"/>
  <testcase classname="Practice1.ContactTest" name="deleteContactTest" time="0.002"/>
</testsuite> <!-- Practice1.ContactTest -->
