<?xml version="1.0" encoding="UTF-8"?>
<!-- Generated by org.testng.reporters.JUnitXMLReporter -->
<testsuite ignored="0" hostname="SaddamKhan" failures="0" tests="3" name="Default test" time="0.049" errors="0" timestamp="2026-09-03T17:37:43 IST">
  <testcase classname="Practice1.ContactTest" name="createContactTest" time="0.01"/>
  <testcase classname="Practice1.ContactTest" name="deleteContactTest" time="0.002"/>
  <testcase classname="Practice1.ContactTest" name="modifyContactTest" time="0.001"/>
</testsuite> <!-- Default test -->
